2025-08-12 12:32:00 INFO  MyntraCases:58 - ***********************************Starting first test case execution************************************
2025-08-12 12:32:02 INFO  MyntraCases:62 - Category Selection
2025-08-12 12:32:08 INFO  MyntraCases:64 - Product Selection
2025-08-12 12:32:08 INFO  MyntraCases:66 - Item Selection
2025-08-12 12:32:13 INFO  MyntraCases:68 - adding into cart
2025-08-12 12:32:13 INFO  MyntraCases:58 - ***********************************Starting first test case execution************************************
2025-08-12 12:32:15 INFO  MyntraCases:62 - Category Selection
2025-08-12 12:32:20 INFO  MyntraCases:64 - Product Selection
2025-08-12 12:32:21 INFO  MyntraCases:66 - Item Selection
2025-08-12 12:32:26 INFO  MyntraCases:68 - adding into cart
2025-08-12 12:32:26 INFO  MyntraCases:58 - ***********************************Starting first test case execution************************************
2025-08-12 12:32:28 INFO  MyntraCases:62 - Category Selection
2025-08-12 12:32:34 INFO  MyntraCases:64 - Product Selection
2025-08-12 12:32:34 INFO  MyntraCases:66 - Item Selection
2025-08-12 12:32:39 INFO  MyntraCases:68 - adding into cart
2025-08-12 12:35:35 INFO  MyntraCases:50 - *************************************setup is done***********************************************
2025-08-12 12:35:35 INFO  MyntraCases:59 - ***********************************Starting test case execution************************************
2025-08-12 12:35:38 INFO  MyntraCases:63 - Category Selection
2025-08-12 12:35:44 INFO  MyntraCases:65 - Product Selection
2025-08-12 12:35:44 INFO  MyntraCases:67 - Item Selection
2025-08-12 12:35:50 INFO  MyntraCases:69 - adding into cart
2025-08-12 12:39:19 INFO  MyntraCases:50 - *************************setup is done****************************
2025-08-12 12:39:20 INFO  MyntraCases:59 - ****************Starting test case execution********************
2025-08-12 12:39:22 INFO  MyntraCases:63 - Category Selection
2025-08-12 12:39:28 INFO  MyntraCases:65 - Product Selection
2025-08-12 12:39:28 INFO  MyntraCases:67 - Item Selection
2025-08-12 12:39:33 INFO  MyntraCases:69 - adding into cart
2025-08-12 12:39:33 INFO  MyntraCases:59 - ****************Starting test case execution********************
2025-08-12 12:39:35 INFO  MyntraCases:63 - Category Selection
2025-08-12 12:39:40 INFO  MyntraCases:65 - Product Selection
2025-08-12 12:39:41 INFO  MyntraCases:67 - Item Selection
2025-08-12 12:39:46 INFO  MyntraCases:69 - adding into cart
2025-08-12 12:39:47 INFO  MyntraCases:59 - ****************Starting test case execution********************
2025-08-12 12:39:49 INFO  MyntraCases:63 - Category Selection
2025-08-12 12:39:54 INFO  MyntraCases:65 - Product Selection
2025-08-12 12:39:54 INFO  MyntraCases:67 - Item Selection
2025-08-12 12:40:00 INFO  MyntraCases:69 - adding into cart
2025-08-12 12:40:04 INFO  MyntraCases:84 - *************************************Done with Adding products in cart****************************
2025-08-12 12:56:33 INFO  MyntraCases:50 - *************************setup is done****************************
2025-08-12 12:56:34 INFO  MyntraCases:59 - ****************Starting test case execution********************
2025-08-12 12:56:36 INFO  MyntraCases:63 - Category Selection
2025-08-12 12:56:42 INFO  MyntraCases:65 - Product Selection
2025-08-12 12:56:42 INFO  MyntraCases:67 - Item Selection
2025-08-12 12:56:47 INFO  MyntraCases:69 - adding into cart
2025-08-12 12:56:51 INFO  MyntraCases:90 - *************************************Done with Adding products in cart****************************
2025-08-12 13:07:33 INFO  MyntraCases:50 - *************************setup is done****************************
2025-08-12 13:07:34 INFO  MyntraCases:59 - ****************Starting test case execution********************
2025-08-12 13:07:37 INFO  MyntraCases:63 - Category Selection
2025-08-12 13:07:42 INFO  MyntraCases:65 - Product Selection
2025-08-12 13:07:42 INFO  MyntraCases:67 - Item Selection
2025-08-12 13:07:48 INFO  MyntraCases:69 - adding into cart
2025-08-12 13:07:48 INFO  MyntraCases:59 - ****************Starting test case execution********************
2025-08-12 13:07:50 INFO  MyntraCases:63 - Category Selection
2025-08-12 13:07:55 INFO  MyntraCases:65 - Product Selection
2025-08-12 13:07:56 INFO  MyntraCases:67 - Item Selection
2025-08-12 13:08:01 INFO  MyntraCases:69 - adding into cart
2025-08-12 13:08:01 INFO  MyntraCases:59 - ****************Starting test case execution********************
2025-08-12 13:08:03 INFO  MyntraCases:63 - Category Selection
2025-08-12 13:08:08 INFO  MyntraCases:65 - Product Selection
2025-08-12 13:08:09 INFO  MyntraCases:67 - Item Selection
2025-08-12 13:08:14 INFO  MyntraCases:69 - adding into cart
2025-08-12 13:08:17 INFO  MyntraCases:82 - ***************Total Amount in Cart********************
2025-08-12 13:08:17 INFO  MyntraCases:92 - *************************************Done with Adding products in cart****************************
2025-08-12 13:29:38 INFO  MyntraCases:50 - *************************setup is done****************************
2025-08-12 13:29:39 INFO  MyntraCases:59 - ****************Starting test case execution********************
2025-08-12 13:29:42 INFO  MyntraCases:63 - Category Selection
2025-08-12 13:29:47 INFO  MyntraCases:65 - Product Selection
2025-08-12 13:29:48 INFO  MyntraCases:67 - Item Selection
2025-08-12 13:29:53 INFO  MyntraCases:69 - adding into cart
2025-08-12 13:29:56 INFO  MyntraCases:82 - ***************Total Amount in Cart********************
2025-08-12 13:29:57 INFO  MyntraCases:101 - *************************************Done with Adding products in cart****************************
2025-08-12 13:37:47 INFO  MyntraCases:50 - *************************setup is done****************************
2025-08-12 13:37:48 INFO  MyntraCases:59 - ****************Starting test case execution********************
2025-08-12 13:37:50 INFO  MyntraCases:63 - Category Selection
2025-08-12 13:37:56 INFO  MyntraCases:65 - Product Selection
2025-08-12 13:37:56 INFO  MyntraCases:67 - Item Selection
2025-08-12 13:38:02 INFO  MyntraCases:69 - adding into cart
2025-08-12 13:38:05 INFO  MyntraCases:82 - ***************Total Amount in Cart********************
2025-08-12 13:38:05 INFO  MyntraCases:106 - *************************************Done with Adding products in cart****************************
2025-08-12 13:44:45 INFO  MyntraCases:50 - *************************setup is done****************************
2025-08-12 13:44:46 INFO  MyntraCases:59 - ****************Starting test case execution********************
2025-08-12 13:44:49 INFO  MyntraCases:106 - *************************************Done with Adding products in cart****************************
2025-08-12 13:56:33 INFO  MyntraCases:51 - *************************setup is done****************************
2025-08-12 13:56:34 INFO  MyntraCases:60 - ****************Starting test case execution********************
2025-08-12 13:56:37 INFO  MyntraCases:64 - Category Selection
2025-08-12 13:56:43 INFO  MyntraCases:66 - Product Selection
2025-08-12 13:56:43 INFO  MyntraCases:68 - Item Selection
2025-08-12 13:56:48 INFO  MyntraCases:70 - adding into cart
2025-08-12 13:56:51 INFO  MyntraCases:83 - ***************Total Amount in Cart********************
2025-08-12 13:56:52 INFO  MyntraCases:107 - *************************************Done with Adding products in cart****************************
2025-08-12 14:01:10 INFO  MyntraCases:61 - ****************Starting test case execution********************
2025-08-12 14:01:52 INFO  MyntraCases:52 - *************************setup is done****************************
2025-08-12 14:01:52 INFO  MyntraCases:61 - ****************Starting test case execution********************
2025-08-12 14:01:55 INFO  MyntraCases:65 - Category Selection
2025-08-12 14:02:01 INFO  MyntraCases:67 - Product Selection
2025-08-12 14:02:01 INFO  MyntraCases:69 - Item Selection
2025-08-12 14:02:07 INFO  MyntraCases:71 - adding into cart
2025-08-12 14:02:10 INFO  MyntraCases:84 - ***************Total Amount in Cart********************
2025-08-12 14:02:10 INFO  MyntraCases:108 - *************************************Done with Adding products in cart****************************
2025-08-12 14:03:06 INFO  MyntraCases:52 - *************************setup is done****************************
2025-08-12 14:03:07 INFO  MyntraCases:61 - ****************Starting test case execution********************
2025-08-12 14:03:10 INFO  MyntraCases:65 - Category Selection
2025-08-12 14:03:15 INFO  MyntraCases:67 - Product Selection
2025-08-12 14:03:16 INFO  MyntraCases:69 - Item Selection
2025-08-12 14:03:21 INFO  MyntraCases:71 - adding into cart
2025-08-12 14:03:22 INFO  MyntraCases:108 - *************************************Done with Adding products in cart****************************
2025-08-12 14:03:54 INFO  MyntraCases:61 - ****************Starting test case execution********************
2025-08-12 14:05:53 INFO  MyntraCases:52 - *************************setup is done****************************
2025-08-12 14:05:54 INFO  MyntraCases:61 - ****************Starting test case execution********************
2025-08-12 14:05:57 INFO  MyntraCases:65 - Category Selection
2025-08-12 14:06:03 INFO  MyntraCases:67 - Product Selection
2025-08-12 14:06:03 INFO  MyntraCases:69 - Item Selection
2025-08-12 14:06:09 INFO  MyntraCases:71 - adding into cart
2025-08-12 14:06:12 INFO  MyntraCases:84 - ***************Total Amount in Cart********************
2025-08-12 14:06:12 INFO  MyntraCases:108 - *************************************Done with Adding products in cart****************************
2025-08-12 14:07:41 INFO  MyntraCases:61 - ****************Starting test case execution********************
2025-08-12 14:08:16 INFO  MyntraCases:52 - *************************setup is done****************************
2025-08-12 14:08:17 INFO  MyntraCases:61 - ****************Starting test case execution********************
2025-08-12 14:08:17 INFO  MyntraCases:108 - *************************************Done with Adding products in cart****************************
2025-08-12 14:10:41 INFO  MyntraCases:52 - *************************setup is done****************************
2025-08-12 14:10:42 INFO  MyntraCases:61 - ****************Starting test case execution********************
2025-08-12 14:10:44 INFO  MyntraCases:65 - Category Selection
2025-08-12 14:10:50 INFO  MyntraCases:67 - Product Selection
2025-08-12 14:10:50 INFO  MyntraCases:69 - Item Selection
2025-08-12 14:10:56 INFO  MyntraCases:71 - adding into cart
2025-08-12 14:10:59 INFO  MyntraCases:84 - ***************Total Amount in Cart********************
2025-08-12 14:10:59 INFO  MyntraCases:108 - *************************************Done with Adding products in cart****************************
2025-08-12 14:11:35 INFO  MyntraCases:52 - *************************setup is done****************************
2025-08-12 14:11:35 INFO  MyntraCases:61 - ****************Starting test case execution********************
2025-08-12 14:11:38 INFO  MyntraCases:65 - Category Selection
2025-08-12 14:11:43 INFO  MyntraCases:67 - Product Selection
2025-08-12 14:11:44 INFO  MyntraCases:69 - Item Selection
2025-08-12 14:11:49 INFO  MyntraCases:71 - adding into cart
2025-08-12 14:11:52 INFO  MyntraCases:84 - ***************Total Amount in Cart********************
2025-08-12 14:11:53 INFO  MyntraCases:108 - *************************************Done with Adding products in cart****************************
2025-08-12 14:14:02 INFO  MyntraCases:52 - *************************setup is done****************************
2025-08-12 14:14:02 INFO  MyntraCases:61 - ****************Starting test case execution********************
2025-08-12 14:14:05 INFO  MyntraCases:65 - Category Selection
2025-08-12 14:14:11 INFO  MyntraCases:67 - Product Selection
2025-08-12 14:14:11 INFO  MyntraCases:69 - Item Selection
2025-08-12 14:14:17 INFO  MyntraCases:71 - adding into cart
2025-08-12 14:14:19 INFO  MyntraCases:84 - ***************Total Amount in Cart********************
2025-08-12 14:14:20 INFO  MyntraCases:108 - *************************************Done with Adding products in cart****************************
2025-08-12 14:16:00 INFO  MyntraCases:52 - *************************setup is done****************************
2025-08-12 14:16:01 INFO  MyntraCases:61 - ****************Starting test case execution********************
2025-08-12 14:16:03 INFO  MyntraCases:65 - Category Selection
2025-08-12 14:16:09 INFO  MyntraCases:67 - Product Selection
2025-08-12 14:16:09 INFO  MyntraCases:69 - Item Selection
2025-08-12 14:16:14 INFO  MyntraCases:71 - adding into cart
2025-08-12 14:16:17 INFO  MyntraCases:84 - ***************Total Amount in Cart********************
2025-08-12 14:16:18 INFO  MyntraCases:108 - *************************************Done with Adding products in cart****************************
2025-08-12 14:17:53 INFO  MyntraCases:52 - *************************setup is done****************************
2025-08-12 14:17:54 INFO  MyntraCases:61 - ****************Starting test case execution********************
2025-08-12 14:17:56 INFO  MyntraCases:65 - Category Selection
2025-08-12 14:18:02 INFO  MyntraCases:67 - Product Selection
2025-08-12 14:18:02 INFO  MyntraCases:69 - Item Selection
2025-08-12 14:18:08 INFO  MyntraCases:71 - adding into cart
2025-08-12 14:18:08 INFO  MyntraCases:108 - *************************************Done with Adding products in cart****************************
2025-08-12 14:19:00 INFO  MyntraCases:61 - ****************Starting test case execution********************
2025-08-12 14:20:54 INFO  MyntraCases:52 - *************************setup is done****************************
2025-08-12 14:20:55 INFO  MyntraCases:61 - ****************Starting test case execution********************
2025-08-12 14:20:57 INFO  MyntraCases:65 - Category Selection
2025-08-12 14:21:03 INFO  MyntraCases:67 - Product Selection
2025-08-12 14:21:03 INFO  MyntraCases:69 - Item Selection
2025-08-12 14:21:09 INFO  MyntraCases:71 - adding into cart
2025-08-12 14:21:12 INFO  MyntraCases:84 - ***************Total Amount in Cart********************
2025-08-12 14:21:12 INFO  MyntraCases:108 - *************************************Done with Adding products in cart****************************
2025-08-12 14:37:16 INFO  MyntraCases:72 - *************************setup is done****************************
2025-08-12 14:37:16 INFO  MyntraCases:81 - ****************Starting test case execution********************
2025-08-12 14:37:19 INFO  MyntraCases:85 - Category Selection
2025-08-12 14:37:24 INFO  MyntraCases:87 - Product Selection
2025-08-12 14:37:25 INFO  MyntraCases:89 - Item Selection
2025-08-12 14:37:30 INFO  MyntraCases:91 - adding into cart
2025-08-12 14:37:33 INFO  MyntraCases:104 - ***************Total Amount in Cart********************
2025-08-12 14:37:33 INFO  MyntraCases:128 - *************************************Done with Adding products in cart****************************
2025-08-12 14:43:21 INFO  MyntraCases:70 - *************************setup is done****************************
2025-08-12 14:43:21 INFO  MyntraCases:79 - ****************Starting test case execution********************
2025-08-12 14:43:27 INFO  MyntraCases:83 - Category Selection
2025-08-12 14:43:32 INFO  MyntraCases:85 - Product Selection
2025-08-12 14:43:33 INFO  MyntraCases:87 - Item Selection
2025-08-12 14:43:38 INFO  MyntraCases:89 - adding into cart
2025-08-12 14:43:41 INFO  MyntraCases:102 - ***************Total Amount in Cart********************
2025-08-12 14:43:41 INFO  MyntraCases:111 - *************************************Done with Adding products in cart****************************
2025-08-12 14:46:07 INFO  MyntraCases:70 - *************************setup is done****************************
2025-08-12 14:46:08 INFO  MyntraCases:79 - ****************Starting test case execution********************
2025-08-12 14:46:11 INFO  MyntraCases:70 - *************************setup is done****************************
2025-08-12 14:46:11 INFO  MyntraCases:79 - ****************Starting test case execution********************
2025-08-12 14:46:14 INFO  MyntraCases:83 - Category Selection
2025-08-12 14:46:20 INFO  MyntraCases:85 - Product Selection
2025-08-12 14:46:20 INFO  MyntraCases:87 - Item Selection
2025-08-12 14:46:26 INFO  MyntraCases:89 - adding into cart
2025-08-12 14:46:28 INFO  MyntraCases:102 - ***************Total Amount in Cart********************
2025-08-12 14:46:29 INFO  MyntraCases:111 - *************************************Done with Adding products in cart****************************
2025-08-12 14:52:42 INFO  MyntraCases:111 - *************************************Done with Adding products in cart****************************
2025-08-12 14:55:40 INFO  MyntraCases:77 - *************************setup is done****************************
2025-08-12 14:55:41 INFO  MyntraCases:86 - ****************Starting test case execution********************
2025-08-12 14:55:44 INFO  MyntraCases:90 - Category Selection
2025-08-12 14:55:49 INFO  MyntraCases:92 - Product Selection
2025-08-12 14:55:50 INFO  MyntraCases:94 - Item Selection
2025-08-12 14:55:55 INFO  MyntraCases:96 - adding into cart
2025-08-12 14:55:58 INFO  MyntraCases:109 - ***************Total Amount in Cart********************
2025-08-12 14:55:58 INFO  MyntraCases:118 - *************************************Done with Adding products in cart****************************
2025-08-12 14:59:06 INFO  MyntraCases:77 - *************************setup is done****************************
2025-08-12 14:59:07 INFO  MyntraCases:86 - ****************Starting test case execution********************
2025-08-12 14:59:09 INFO  MyntraCases:90 - Category Selection
2025-08-12 14:59:15 INFO  MyntraCases:92 - Product Selection
2025-08-12 14:59:15 INFO  MyntraCases:94 - Item Selection
2025-08-12 14:59:21 INFO  MyntraCases:96 - adding into cart
2025-08-12 14:59:24 INFO  MyntraCases:109 - ***************Total Amount in Cart********************
2025-08-12 14:59:24 INFO  MyntraCases:118 - *************************************Done with Adding products in cart****************************
2025-08-12 15:05:41 INFO  MyntraCases:78 - *************************setup is done****************************
2025-08-12 15:05:42 INFO  MyntraCases:87 - ****************Starting test case execution********************
2025-08-12 15:05:45 INFO  MyntraCases:91 - Category Selection
2025-08-12 15:05:51 INFO  MyntraCases:93 - Product Selection
2025-08-12 15:05:51 INFO  MyntraCases:95 - Item Selection
2025-08-12 15:05:57 INFO  MyntraCases:97 - adding into cart
2025-08-12 15:06:00 INFO  MyntraCases:110 - ***************Total Amount in Cart********************
2025-08-12 15:06:01 INFO  MyntraCases:119 - *************************************Done with Adding products in cart****************************
2025-08-12 15:11:43 INFO  MyntraCases:78 - *************************setup is done****************************
2025-08-12 15:11:43 INFO  MyntraCases:87 - ****************Starting test case execution********************
2025-08-12 15:11:46 INFO  MyntraCases:91 - Category Selection
2025-08-12 15:11:52 INFO  MyntraCases:93 - Product Selection
2025-08-12 15:11:52 INFO  MyntraCases:95 - Item Selection
2025-08-12 15:11:58 INFO  MyntraCases:97 - adding into cart
2025-08-12 15:12:02 INFO  MyntraCases:110 - ***************Total Amount in Cart********************
2025-08-12 15:12:02 INFO  MyntraCases:119 - *************************************Done with Adding products in cart****************************
2025-08-12 15:15:34 INFO  MyntraCases:78 - *************************setup is done****************************
2025-08-12 15:15:35 INFO  MyntraCases:87 - ****************Starting test case execution********************
2025-08-12 15:15:38 INFO  MyntraCases:91 - Category Selection
2025-08-12 15:15:44 INFO  MyntraCases:93 - Product Selection
2025-08-12 15:15:44 INFO  MyntraCases:95 - Item Selection
2025-08-12 15:15:50 INFO  MyntraCases:97 - adding into cart
2025-08-12 15:15:53 INFO  MyntraCases:110 - ***************Total Amount in Cart********************
2025-08-12 15:15:54 INFO  MyntraCases:119 - *************************************Done with Adding products in cart****************************
2025-08-12 15:17:18 INFO  MyntraCases:78 - *************************setup is done****************************
2025-08-12 15:17:18 INFO  MyntraCases:78 - *************************setup is done****************************
2025-08-12 15:17:19 INFO  MyntraCases:87 - ****************Starting test case execution********************
2025-08-12 15:17:19 INFO  MyntraCases:87 - ****************Starting test case execution********************
2025-08-12 15:17:22 INFO  MyntraCases:91 - Category Selection
2025-08-12 15:17:23 INFO  MyntraCases:91 - Category Selection
2025-08-12 15:17:28 INFO  MyntraCases:93 - Product Selection
2025-08-12 15:17:29 INFO  MyntraCases:93 - Product Selection
2025-08-12 15:17:29 INFO  MyntraCases:95 - Item Selection
2025-08-12 15:17:29 INFO  MyntraCases:95 - Item Selection
2025-08-12 15:17:36 INFO  MyntraCases:97 - adding into cart
2025-08-12 15:17:37 INFO  MyntraCases:97 - adding into cart
2025-08-12 15:17:41 INFO  MyntraCases:110 - ***************Total Amount in Cart********************
2025-08-12 15:17:41 INFO  MyntraCases:110 - ***************Total Amount in Cart********************
2025-08-12 15:17:41 INFO  MyntraCases:119 - *************************************Done with Adding products in cart****************************
2025-08-12 15:17:43 INFO  MyntraCases:119 - *************************************Done with Adding products in cart****************************
2025-08-12 16:02:29 INFO  MyntraCases:78 - *************************setup is done****************************
2025-08-12 16:02:30 INFO  MyntraCases:87 - ****************Starting test case execution********************
2025-08-12 16:02:33 INFO  MyntraCases:91 - Category Selection
2025-08-12 16:02:38 INFO  MyntraCases:93 - Product Selection
2025-08-12 16:02:39 INFO  MyntraCases:95 - Item Selection
2025-08-12 16:02:44 INFO  MyntraCases:97 - adding into cart
2025-08-12 16:02:47 INFO  MyntraCases:110 - ***************Total Amount in Cart********************
2025-08-12 16:02:48 INFO  MyntraCases:119 - *************************************Done with Adding products in cart****************************
2025-08-12 16:33:41 INFO  MyntraCases:78 - *************************setup is done****************************
2025-08-12 16:33:42 INFO  MyntraCases:87 - ****************Starting test case execution********************
2025-08-12 16:33:45 INFO  MyntraCases:91 - Category Selection
2025-08-12 16:33:50 INFO  MyntraCases:93 - Product Selection
2025-08-12 16:33:51 INFO  MyntraCases:95 - Item Selection
2025-08-12 16:33:56 INFO  MyntraCases:97 - adding into cart
2025-08-12 16:33:59 INFO  MyntraCases:110 - ***************Total Amount in Cart********************
2025-08-12 16:33:59 INFO  MyntraCases:119 - *************************************Done with Adding products in cart****************************
2025-08-12 16:42:55 INFO  MyntraCases:78 - *************************setup is done****************************
2025-08-12 16:42:55 INFO  MyntraCases:87 - ****************Starting test case execution********************
2025-08-12 16:42:58 INFO  MyntraCases:91 - Category Selection
2025-08-12 16:43:03 INFO  MyntraCases:93 - Product Selection
2025-08-12 16:43:04 INFO  MyntraCases:95 - Item Selection
2025-08-12 16:43:09 INFO  MyntraCases:97 - adding into cart
2025-08-12 16:43:12 INFO  MyntraCases:110 - ***************Total Amount in Cart********************
2025-08-12 16:43:13 INFO  MyntraCases:119 - *************************************Done with Adding products in cart****************************
2025-08-12 16:45:42 INFO  MyntraCases:78 - *************************setup is done****************************
2025-08-12 16:45:42 INFO  MyntraCases:87 - ****************Starting test case execution********************
2025-08-12 16:45:45 INFO  MyntraCases:91 - Category Selection
2025-08-12 16:45:51 INFO  MyntraCases:93 - Product Selection
2025-08-12 16:45:51 INFO  MyntraCases:95 - Item Selection
2025-08-12 16:45:57 INFO  MyntraCases:97 - adding into cart
2025-08-12 16:46:00 INFO  MyntraCases:110 - ***************Total Amount in Cart********************
2025-08-12 16:46:00 INFO  MyntraCases:119 - *************************************Done with Adding products in cart****************************
2025-08-12 16:47:44 INFO  MyntraCases:78 - *************************setup is done****************************
2025-08-12 16:47:45 INFO  MyntraCases:87 - ****************Starting test case execution********************
2025-08-12 16:47:47 INFO  MyntraCases:91 - Category Selection
2025-08-12 16:47:53 INFO  MyntraCases:93 - Product Selection
2025-08-12 16:47:53 INFO  MyntraCases:95 - Item Selection
2025-08-12 16:47:58 INFO  MyntraCases:97 - adding into cart
2025-08-12 16:47:59 INFO  MyntraCases:87 - ****************Starting test case execution********************
2025-08-12 16:48:01 INFO  MyntraCases:91 - Category Selection
2025-08-12 16:48:06 INFO  MyntraCases:93 - Product Selection
2025-08-12 16:48:06 INFO  MyntraCases:95 - Item Selection
2025-08-12 16:48:12 INFO  MyntraCases:97 - adding into cart
2025-08-12 16:48:12 INFO  MyntraCases:87 - ****************Starting test case execution********************
2025-08-12 16:48:14 INFO  MyntraCases:91 - Category Selection
2025-08-12 16:48:20 INFO  MyntraCases:93 - Product Selection
2025-08-12 16:48:20 INFO  MyntraCases:95 - Item Selection
2025-08-12 16:48:25 INFO  MyntraCases:97 - adding into cart
2025-08-12 16:48:28 INFO  MyntraCases:110 - ***************Total Amount in Cart********************
2025-08-12 16:48:29 INFO  MyntraCases:119 - *************************************Done with Adding products in cart****************************
2025-08-12 16:50:32 INFO  MyntraCases:78 - *************************setup is done****************************
2025-08-12 16:50:33 INFO  MyntraCases:87 - ****************Starting test case execution********************
2025-08-12 16:50:36 INFO  MyntraCases:91 - Category Selection
2025-08-12 16:50:41 INFO  MyntraCases:93 - Product Selection
2025-08-12 16:50:42 INFO  MyntraCases:95 - Item Selection
2025-08-12 16:50:47 INFO  MyntraCases:97 - adding into cart
2025-08-12 16:50:47 INFO  MyntraCases:87 - ****************Starting test case execution********************
2025-08-12 16:50:49 INFO  MyntraCases:91 - Category Selection
2025-08-12 16:50:55 INFO  MyntraCases:93 - Product Selection
2025-08-12 16:50:55 INFO  MyntraCases:95 - Item Selection
2025-08-12 16:51:00 INFO  MyntraCases:97 - adding into cart
2025-08-12 16:51:00 INFO  MyntraCases:87 - ****************Starting test case execution********************
2025-08-12 16:51:02 INFO  MyntraCases:91 - Category Selection
2025-08-12 16:51:08 INFO  MyntraCases:93 - Product Selection
2025-08-12 16:51:08 INFO  MyntraCases:95 - Item Selection
2025-08-12 16:51:13 INFO  MyntraCases:97 - adding into cart
2025-08-12 16:51:16 INFO  MyntraCases:110 - ***************Total Amount in Cart********************
2025-08-12 16:51:16 INFO  MyntraCases:119 - *************************************Done with Adding products in cart****************************
2025-08-12 16:54:11 INFO  MyntraCases:78 - *************************setup is done****************************
2025-08-12 16:54:11 INFO  MyntraCases:87 - ****************Starting test case execution********************
2025-08-12 16:54:14 INFO  MyntraCases:91 - Category Selection
2025-08-12 16:54:20 INFO  MyntraCases:93 - Product Selection
2025-08-12 16:54:20 INFO  MyntraCases:95 - Item Selection
2025-08-12 16:54:25 INFO  MyntraCases:97 - adding into cart
2025-08-12 16:54:26 INFO  MyntraCases:87 - ****************Starting test case execution********************
2025-08-12 16:54:27 INFO  MyntraCases:91 - Category Selection
2025-08-12 16:54:33 INFO  MyntraCases:93 - Product Selection
2025-08-12 16:54:33 INFO  MyntraCases:95 - Item Selection
2025-08-12 16:54:39 INFO  MyntraCases:97 - adding into cart
2025-08-12 16:54:39 INFO  MyntraCases:87 - ****************Starting test case execution********************
2025-08-12 16:54:41 INFO  MyntraCases:91 - Category Selection
2025-08-12 16:54:46 INFO  MyntraCases:93 - Product Selection
2025-08-12 16:54:46 INFO  MyntraCases:95 - Item Selection
2025-08-12 16:54:51 INFO  MyntraCases:97 - adding into cart
2025-08-12 16:54:54 INFO  MyntraCases:110 - ***************Total Amount in Cart********************
2025-08-12 16:54:55 INFO  MyntraCases:119 - *************************************Done with Adding products in cart****************************
2025-08-12 16:57:28 INFO  MyntraCases:78 - *************************setup is done****************************
2025-08-12 16:57:29 INFO  MyntraCases:87 - ****************Starting test case execution********************
2025-08-12 16:57:31 INFO  MyntraCases:91 - Category Selection
2025-08-12 16:57:37 INFO  MyntraCases:93 - Product Selection
2025-08-12 16:57:37 INFO  MyntraCases:95 - Item Selection
2025-08-12 16:57:42 INFO  MyntraCases:97 - adding into cart
2025-08-12 16:57:43 INFO  MyntraCases:87 - ****************Starting test case execution********************
2025-08-12 16:57:45 INFO  MyntraCases:91 - Category Selection
2025-08-12 16:57:51 INFO  MyntraCases:93 - Product Selection
2025-08-12 16:57:51 INFO  MyntraCases:95 - Item Selection
2025-08-12 16:57:57 INFO  MyntraCases:97 - adding into cart
2025-08-12 16:57:57 INFO  MyntraCases:87 - ****************Starting test case execution********************
2025-08-12 16:57:59 INFO  MyntraCases:91 - Category Selection
2025-08-12 16:58:05 INFO  MyntraCases:93 - Product Selection
2025-08-12 16:58:05 INFO  MyntraCases:95 - Item Selection
2025-08-12 16:58:10 INFO  MyntraCases:97 - adding into cart
2025-08-12 16:58:13 INFO  MyntraCases:110 - ***************Total Amount in Cart********************
2025-08-12 16:58:13 INFO  MyntraCases:119 - *************************************Done with Adding products in cart****************************
2025-08-12 16:58:56 INFO  MyntraCases:78 - *************************setup is done****************************
2025-08-12 16:58:57 INFO  MyntraCases:87 - ****************Starting test case execution********************
2025-08-12 16:59:00 INFO  MyntraCases:91 - Category Selection
2025-08-12 16:59:05 INFO  MyntraCases:93 - Product Selection
2025-08-12 16:59:06 INFO  MyntraCases:95 - Item Selection
2025-08-12 16:59:10 INFO  MyntraCases:97 - adding into cart
2025-08-12 16:59:11 INFO  MyntraCases:87 - ****************Starting test case execution********************
2025-08-12 16:59:13 INFO  MyntraCases:91 - Category Selection
2025-08-12 16:59:18 INFO  MyntraCases:93 - Product Selection
2025-08-12 16:59:19 INFO  MyntraCases:95 - Item Selection
2025-08-12 16:59:24 INFO  MyntraCases:97 - adding into cart
2025-08-12 16:59:25 INFO  MyntraCases:87 - ****************Starting test case execution********************
2025-08-12 16:59:26 INFO  MyntraCases:91 - Category Selection
2025-08-12 16:59:32 INFO  MyntraCases:93 - Product Selection
2025-08-12 16:59:32 INFO  MyntraCases:95 - Item Selection
2025-08-12 16:59:37 INFO  MyntraCases:97 - adding into cart
2025-08-12 16:59:40 INFO  MyntraCases:110 - ***************Total Amount in Cart********************
2025-08-12 16:59:40 INFO  MyntraCases:119 - *************************************Done with Adding products in cart****************************
2025-08-12 17:00:19 INFO  MyntraCases:78 - *************************setup is done****************************
2025-08-12 17:00:20 INFO  MyntraCases:87 - ****************Starting test case execution********************
2025-08-12 17:00:22 INFO  MyntraCases:91 - Category Selection
2025-08-12 17:00:28 INFO  MyntraCases:93 - Product Selection
2025-08-12 17:00:28 INFO  MyntraCases:95 - Item Selection
2025-08-12 17:00:33 INFO  MyntraCases:97 - adding into cart
2025-08-12 17:00:33 INFO  MyntraCases:87 - ****************Starting test case execution********************
2025-08-12 17:00:35 INFO  MyntraCases:91 - Category Selection
2025-08-12 17:00:41 INFO  MyntraCases:93 - Product Selection
2025-08-12 17:00:41 INFO  MyntraCases:95 - Item Selection
2025-08-12 17:00:47 INFO  MyntraCases:97 - adding into cart
2025-08-12 17:00:47 INFO  MyntraCases:87 - ****************Starting test case execution********************
2025-08-12 17:00:49 INFO  MyntraCases:91 - Category Selection
2025-08-12 17:00:54 INFO  MyntraCases:93 - Product Selection
2025-08-12 17:00:55 INFO  MyntraCases:95 - Item Selection
2025-08-12 17:01:00 INFO  MyntraCases:97 - adding into cart
2025-08-12 17:01:03 INFO  MyntraCases:110 - ***************Total Amount in Cart********************
2025-08-12 17:01:03 INFO  MyntraCases:119 - *************************************Done with Adding products in cart****************************
2025-08-12 17:01:45 INFO  MyntraCases:78 - *************************setup is done****************************
2025-08-12 17:01:46 INFO  MyntraCases:87 - ****************Starting test case execution********************
2025-08-12 17:01:49 INFO  MyntraCases:91 - Category Selection
2025-08-12 17:01:54 INFO  MyntraCases:93 - Product Selection
2025-08-12 17:01:55 INFO  MyntraCases:95 - Item Selection
2025-08-12 17:02:00 INFO  MyntraCases:97 - adding into cart
2025-08-12 17:02:00 INFO  MyntraCases:87 - ****************Starting test case execution********************
2025-08-12 17:02:02 INFO  MyntraCases:91 - Category Selection
2025-08-12 17:02:08 INFO  MyntraCases:93 - Product Selection
2025-08-12 17:02:08 INFO  MyntraCases:95 - Item Selection
2025-08-12 17:02:14 INFO  MyntraCases:97 - adding into cart
2025-08-12 17:02:14 INFO  MyntraCases:87 - ****************Starting test case execution********************
2025-08-12 17:02:16 INFO  MyntraCases:91 - Category Selection
2025-08-12 17:02:21 INFO  MyntraCases:93 - Product Selection
2025-08-12 17:02:22 INFO  MyntraCases:95 - Item Selection
2025-08-12 17:02:27 INFO  MyntraCases:97 - adding into cart
2025-08-12 17:02:29 INFO  MyntraCases:110 - ***************Total Amount in Cart********************
2025-08-12 17:02:30 INFO  MyntraCases:119 - *************************************Done with Adding products in cart****************************
2025-08-12 17:04:35 INFO  MyntraCases:78 - *************************setup is done****************************
2025-08-12 17:04:35 INFO  MyntraCases:87 - ****************Starting test case execution********************
2025-08-12 17:04:38 INFO  MyntraCases:91 - Category Selection
2025-08-12 17:04:43 INFO  MyntraCases:93 - Product Selection
2025-08-12 17:04:44 INFO  MyntraCases:95 - Item Selection
2025-08-12 17:04:49 INFO  MyntraCases:97 - adding into cart
2025-08-12 17:04:49 INFO  MyntraCases:87 - ****************Starting test case execution********************
2025-08-12 17:04:51 INFO  MyntraCases:91 - Category Selection
2025-08-12 17:04:56 INFO  MyntraCases:93 - Product Selection
2025-08-12 17:04:57 INFO  MyntraCases:95 - Item Selection
2025-08-12 17:05:02 INFO  MyntraCases:97 - adding into cart
2025-08-12 17:05:03 INFO  MyntraCases:87 - ****************Starting test case execution********************
2025-08-12 17:05:05 INFO  MyntraCases:91 - Category Selection
2025-08-12 17:05:08 INFO  MyntraCases:119 - *************************************Done with Adding products in cart****************************
2025-08-16 01:05:42 INFO  MyntraCases:78 - *************************setup is done****************************
2025-08-16 01:05:43 INFO  MyntraCases:87 - ****************Starting test case execution********************
2025-08-16 01:05:45 INFO  MyntraCases:91 - Category Selection
2025-08-16 01:08:00 INFO  MyntraCases:87 - ****************Starting test case execution********************
2025-08-16 01:08:00 INFO  MyntraCases:87 - ****************Starting test case execution********************
2025-08-16 01:08:00 INFO  MyntraCases:119 - *************************************Done with Adding products in cart****************************
2025-08-16 01:11:09 INFO  MyntraCases:78 - *************************setup is done****************************
2025-08-16 01:11:10 INFO  MyntraCases:87 - ****************Starting test case execution********************
2025-08-16 01:11:13 INFO  MyntraCases:91 - Category Selection
2025-08-16 01:11:51 INFO  MyntraCases:87 - ****************Starting test case execution********************
2025-08-16 01:11:51 INFO  MyntraCases:87 - ****************Starting test case execution********************
2025-08-16 01:11:51 INFO  MyntraCases:119 - *************************************Done with Adding products in cart****************************
2025-08-16 01:16:35 INFO  MyntraCases:78 - *************************setup is done****************************
2025-08-16 01:16:36 INFO  MyntraCases:86 - ****************Starting test case execution********************
2025-08-16 01:16:39 INFO  MyntraCases:90 - Category Selection
2025-08-16 01:18:21 INFO  MyntraCases:86 - ****************Starting test case execution********************
2025-08-16 01:18:21 INFO  MyntraCases:86 - ****************Starting test case execution********************
2025-08-16 01:18:22 INFO  MyntraCases:116 - *************************************Done with Adding products in cart****************************
2025-08-16 01:25:17 INFO  MyntraCases:79 - *************************setup is done****************************
2025-08-16 01:25:18 INFO  MyntraCases:87 - ****************Starting test case execution********************
2025-08-16 01:25:21 INFO  MyntraCases:91 - Category Selection
2025-08-16 01:25:27 INFO  MyntraCases:93 - Product Selection
2025-08-16 01:25:27 INFO  MyntraCases:95 - Item Selection
2025-08-16 01:25:33 INFO  MyntraCases:97 - adding into cart
2025-08-16 01:25:33 INFO  MyntraCases:87 - ****************Starting test case execution********************
2025-08-16 01:25:35 INFO  MyntraCases:91 - Category Selection
2025-08-16 01:25:41 INFO  MyntraCases:93 - Product Selection
2025-08-16 01:25:41 INFO  MyntraCases:95 - Item Selection
2025-08-16 01:25:47 INFO  MyntraCases:97 - adding into cart
2025-08-16 01:25:47 INFO  MyntraCases:87 - ****************Starting test case execution********************
2025-08-16 01:25:49 INFO  MyntraCases:91 - Category Selection
2025-08-16 01:25:54 INFO  MyntraCases:93 - Product Selection
2025-08-16 01:25:55 INFO  MyntraCases:95 - Item Selection
2025-08-16 01:26:00 INFO  MyntraCases:97 - adding into cart
2025-08-16 01:26:07 INFO  MyntraCases:108 - ***************Total Amount in Cart********************
2025-08-16 01:26:08 INFO  MyntraCases:118 - *************************************Done with Adding products in cart****************************
2025-08-16 01:35:53 INFO  MyntraCases:81 - *************************setup is done****************************
2025-08-16 01:35:54 INFO  MyntraCases:89 - ****************Starting test case execution********************
2025-08-16 01:35:58 INFO  MyntraCases:93 - Category Selection
2025-08-16 01:36:04 INFO  MyntraCases:95 - Product Selection
2025-08-16 01:36:04 INFO  MyntraCases:97 - Item Selection
2025-08-16 01:36:10 INFO  MyntraCases:99 - adding into cart
2025-08-16 01:36:10 INFO  MyntraCases:89 - ****************Starting test case execution********************
2025-08-16 01:36:12 INFO  MyntraCases:93 - Category Selection
2025-08-16 01:36:18 INFO  MyntraCases:95 - Product Selection
2025-08-16 01:36:18 INFO  MyntraCases:97 - Item Selection
2025-08-16 01:36:24 INFO  MyntraCases:99 - adding into cart
2025-08-16 01:36:24 INFO  MyntraCases:89 - ****************Starting test case execution********************
2025-08-16 01:36:26 INFO  MyntraCases:93 - Category Selection
2025-08-16 01:36:31 INFO  MyntraCases:95 - Product Selection
2025-08-16 01:36:32 INFO  MyntraCases:97 - Item Selection
2025-08-16 01:36:37 INFO  MyntraCases:99 - adding into cart
2025-08-16 01:36:40 INFO  MyntraCases:110 - ***************Total Amount in Cart********************
2025-08-16 01:36:41 INFO  MyntraCases:120 - *************************************Done with Adding products in cart****************************
2025-08-16 01:39:47 INFO  MyntraCases:81 - *************************setup is done****************************
2025-08-16 01:39:48 INFO  MyntraCases:89 - ****************Starting test case execution********************
2025-08-16 01:39:52 INFO  MyntraCases:93 - Category Selection
2025-08-16 01:39:58 INFO  MyntraCases:95 - Product Selection
2025-08-16 01:39:58 INFO  MyntraCases:97 - Item Selection
2025-08-16 01:40:09 INFO  MyntraCases:99 - adding into cart
2025-08-16 01:40:09 INFO  MyntraCases:89 - ****************Starting test case execution********************
2025-08-16 01:40:12 INFO  MyntraCases:93 - Category Selection
2025-08-16 01:40:18 INFO  MyntraCases:95 - Product Selection
2025-08-16 01:40:18 INFO  MyntraCases:97 - Item Selection
2025-08-16 01:40:24 INFO  MyntraCases:99 - adding into cart
2025-08-16 01:40:24 INFO  MyntraCases:89 - ****************Starting test case execution********************
2025-08-16 01:40:26 INFO  MyntraCases:93 - Category Selection
2025-08-16 01:40:32 INFO  MyntraCases:95 - Product Selection
2025-08-16 01:40:32 INFO  MyntraCases:97 - Item Selection
2025-08-16 01:40:38 INFO  MyntraCases:99 - adding into cart
2025-08-16 01:40:38 INFO  MyntraCases:89 - ****************Starting test case execution********************
2025-08-16 01:40:41 INFO  MyntraCases:93 - Category Selection
2025-08-16 01:40:47 INFO  MyntraCases:95 - Product Selection
2025-08-16 01:40:47 INFO  MyntraCases:97 - Item Selection
2025-08-16 01:40:53 INFO  MyntraCases:99 - adding into cart
2025-08-16 01:40:58 INFO  MyntraCases:110 - ***************Total Amount in Cart********************
2025-08-16 01:40:58 INFO  MyntraCases:120 - *************************************Done with Adding products in cart****************************
2025-08-16 01:42:34 INFO  MyntraCases:81 - *************************setup is done****************************
2025-08-16 01:42:35 INFO  MyntraCases:89 - ****************Starting test case execution********************
2025-08-16 01:42:40 INFO  MyntraCases:93 - Category Selection
2025-08-16 01:42:45 INFO  MyntraCases:95 - Product Selection
2025-08-16 01:42:45 INFO  MyntraCases:97 - Item Selection
2025-08-16 01:46:55 INFO  MyntraCases:81 - *************************setup is done****************************
2025-08-16 01:46:55 INFO  MyntraCases:89 - ****************Starting test case execution********************
2025-08-16 01:46:58 INFO  MyntraCases:93 - Category Selection
2025-08-16 01:47:04 INFO  MyntraCases:95 - Product Selection
2025-08-16 01:47:04 INFO  MyntraCases:97 - Item Selection
2025-08-16 01:47:07 INFO  MyntraCases:89 - ****************Starting test case execution********************
2025-08-16 01:47:09 INFO  MyntraCases:93 - Category Selection
2025-08-16 01:47:14 INFO  MyntraCases:95 - Product Selection
2025-08-16 01:47:15 INFO  MyntraCases:97 - Item Selection
2025-08-16 01:47:15 INFO  MyntraCases:89 - ****************Starting test case execution********************
2025-08-16 01:47:17 INFO  MyntraCases:93 - Category Selection
2025-08-16 01:47:22 INFO  MyntraCases:95 - Product Selection
2025-08-16 01:47:23 INFO  MyntraCases:97 - Item Selection
2025-08-16 01:47:23 INFO  MyntraCases:89 - ****************Starting test case execution********************
2025-08-16 01:47:25 INFO  MyntraCases:93 - Category Selection
2025-08-16 01:47:31 INFO  MyntraCases:95 - Product Selection
2025-08-16 01:47:31 INFO  MyntraCases:97 - Item Selection
2025-08-16 01:47:32 INFO  MyntraCases:120 - *************************************Done with Adding products in cart****************************
2025-08-16 01:51:26 INFO  MyntraCases:81 - *************************setup is done****************************
2025-08-16 01:51:27 INFO  MyntraCases:89 - ****************Starting test case execution********************
2025-08-16 01:51:28 INFO  MyntraCases:89 - ****************Starting test case execution********************
2025-08-16 01:51:28 INFO  MyntraCases:89 - ****************Starting test case execution********************
2025-08-16 01:51:29 INFO  MyntraCases:89 - ****************Starting test case execution********************
2025-08-16 01:51:29 INFO  MyntraCases:120 - *************************************Done with Adding products in cart****************************
2025-08-16 01:56:25 INFO  MyntraCases:81 - *************************setup is done****************************
2025-08-16 01:56:26 INFO  MyntraCases:89 - ****************Adding Product in Cart********************
2025-08-16 01:56:29 INFO  MyntraCases:93 - Category Selection
2025-08-16 01:56:35 INFO  MyntraCases:95 - Product Selection
2025-08-16 01:56:35 INFO  MyntraCases:97 - Item Selection
2025-08-16 01:56:43 INFO  MyntraCases:99 - adding into cart
2025-08-16 01:56:43 INFO  MyntraCases:89 - ****************Adding Product in Cart********************
2025-08-16 01:56:45 INFO  MyntraCases:93 - Category Selection
2025-08-16 01:56:51 INFO  MyntraCases:95 - Product Selection
2025-08-16 01:56:51 INFO  MyntraCases:97 - Item Selection
2025-08-16 01:56:56 INFO  MyntraCases:99 - adding into cart
2025-08-16 01:56:57 INFO  MyntraCases:89 - ****************Adding Product in Cart********************
2025-08-16 01:57:06 INFO  MyntraCases:93 - Category Selection
2025-08-16 01:57:11 INFO  MyntraCases:95 - Product Selection
2025-08-16 01:57:12 INFO  MyntraCases:97 - Item Selection
2025-08-16 01:57:26 INFO  MyntraCases:99 - adding into cart
2025-08-16 01:57:26 INFO  MyntraCases:89 - ****************Adding Product in Cart********************
2025-08-16 01:57:38 INFO  MyntraCases:93 - Category Selection
2025-08-16 01:57:44 INFO  MyntraCases:95 - Product Selection
2025-08-16 01:57:44 INFO  MyntraCases:97 - Item Selection
2025-08-16 01:57:59 INFO  MyntraCases:99 - adding into cart
2025-08-16 01:58:12 INFO  MyntraCases:110 - ***************Total Amount in Cart********************
2025-08-16 01:58:12 INFO  MyntraCases:120 - *************************************Done with Execution****************************
2025-08-17 00:12:00 INFO  MyntraCases:81 - *************************setup is done****************************
2025-08-17 00:12:01 INFO  MyntraCases:89 - ****************Adding Product in Cart********************
2025-08-17 00:12:03 INFO  MyntraCases:93 - Category Selection
2025-08-17 00:12:09 INFO  MyntraCases:95 - Product Selection
2025-08-17 00:12:09 INFO  MyntraCases:97 - Item Selection
2025-08-17 00:12:16 INFO  MyntraCases:99 - adding into cart
2025-08-17 00:12:16 INFO  MyntraCases:89 - ****************Adding Product in Cart********************
2025-08-17 00:12:18 INFO  MyntraCases:93 - Category Selection
2025-08-17 00:12:24 INFO  MyntraCases:95 - Product Selection
2025-08-17 00:12:24 INFO  MyntraCases:97 - Item Selection
2025-08-17 00:12:29 INFO  MyntraCases:99 - adding into cart
2025-08-17 00:12:29 INFO  MyntraCases:89 - ****************Adding Product in Cart********************
2025-08-17 00:12:31 INFO  MyntraCases:93 - Category Selection
2025-08-17 00:12:37 INFO  MyntraCases:95 - Product Selection
2025-08-17 00:12:37 INFO  MyntraCases:97 - Item Selection
2025-08-17 00:12:42 INFO  MyntraCases:99 - adding into cart
2025-08-17 00:12:43 INFO  MyntraCases:89 - ****************Adding Product in Cart********************
2025-08-17 00:12:45 INFO  MyntraCases:93 - Category Selection
2025-08-17 00:12:50 INFO  MyntraCases:95 - Product Selection
2025-08-17 00:12:51 INFO  MyntraCases:97 - Item Selection
2025-08-17 00:12:56 INFO  MyntraCases:99 - adding into cart
2025-08-17 00:12:59 INFO  MyntraCases:110 - ***************Total Amount in Cart********************
2025-08-17 00:12:59 INFO  MyntraCases:120 - *************************************Done with Execution****************************
2025-08-18 01:22:07 INFO  MyntraCases:81 - *************************setup is done****************************
2025-08-18 01:22:08 INFO  MyntraCases:89 - ****************Adding Product in Cart********************
2025-08-18 01:22:11 INFO  MyntraCases:93 - Category Selection
2025-08-18 01:22:17 INFO  MyntraCases:95 - Product Selection
2025-08-18 01:22:17 INFO  MyntraCases:97 - Item Selection
2025-08-18 01:22:24 INFO  MyntraCases:99 - adding into cart
2025-08-18 01:22:24 INFO  MyntraCases:89 - ****************Adding Product in Cart********************
2025-08-18 01:22:26 INFO  MyntraCases:93 - Category Selection
2025-08-18 01:22:32 INFO  MyntraCases:95 - Product Selection
2025-08-18 01:22:32 INFO  MyntraCases:97 - Item Selection
2025-08-18 01:22:38 INFO  MyntraCases:99 - adding into cart
2025-08-18 01:22:38 INFO  MyntraCases:89 - ****************Adding Product in Cart********************
2025-08-18 01:22:41 INFO  MyntraCases:93 - Category Selection
2025-08-18 01:22:46 INFO  MyntraCases:95 - Product Selection
2025-08-18 01:22:47 INFO  MyntraCases:97 - Item Selection
2025-08-18 01:22:53 INFO  MyntraCases:99 - adding into cart
2025-08-18 01:22:54 INFO  MyntraCases:89 - ****************Adding Product in Cart********************
2025-08-18 01:22:57 INFO  MyntraCases:93 - Category Selection
2025-08-18 01:23:03 INFO  MyntraCases:95 - Product Selection
2025-08-18 01:23:03 INFO  MyntraCases:97 - Item Selection
2025-08-18 01:23:10 INFO  MyntraCases:99 - adding into cart
2025-08-18 01:23:15 INFO  MyntraCases:110 - ***************Total Amount in Cart********************
2025-08-18 01:23:16 INFO  MyntraCases:120 - *************************************Done with Execution****************************
